##################
### INIZIO Script 2021-03-30 12:14:43
2021-03-30 00:14:45 INFO: APsBOT_Base APsBOT_Base_Bot  connected!
2021-03-30 00:14:45 INFO: Find APsBOT_Base_Bot in Telegram and send him a message - it will be displayed here
2021-03-30 00:14:45 INFO: BotID = 1705298974 , BotName = APsBOT_Base , BotUsername = APsBOT_Base_Bot 
2021-03-30 00:32:46 INFO: APsBOT_Base APsBOT_Base_Bot  connected!
2021-03-30 00:32:46 INFO: Find APsBOT_Base_Bot in Telegram and send him a message - it will be displayed here
2021-03-30 00:32:46 INFO: BotID = 1705298974 , BotName = APsBOT_Base , BotUsername = APsBOT_Base_Bot 
2021-03-30 00:35:25 INFO: APsBOT_Base APsBOT_Base_Bot  connected!
2021-03-30 00:35:25 INFO: Find APsBOT_Base_Bot in Telegram and send him a message - it will be displayed here
2021-03-30 00:35:25 INFO: BotID = 1705298974 , BotName = APsBOT_Base , BotUsername = APsBOT_Base_Bot 
2021-03-30 00:35:55 INFO: Private message from: FabryMazzu
2021-03-30 00:35:55 INFO: SendMessage: Complimenti @FabryMazzu stai eseguendo il Test1To: 52265879
2021-03-30 00:38:18 INFO: Private message from: FabryMazzu
2021-03-30 00:40:23 INFO: APsBOT_Base APsBOT_Base_Bot  connected!
2021-03-30 00:40:23 INFO: Find APsBOT_Base_Bot in Telegram and send him a message - it will be displayed here
2021-03-30 00:40:23 INFO: BotID = 1705298974 , BotName = APsBOT_Base , BotUsername = APsBOT_Base_Bot 
2021-03-30 00:40:47 INFO: Private message from: FabryMazzu
2021-03-30 00:46:25 INFO: Private message from: FabryMazzu
2021-03-30 00:46:32 INFO: Private message from: FabryMazzu
2021-03-30 00:46:48 INFO: Private message from: FabryMazzu
2021-03-30 00:46:48 INFO: The command is /Restart
2021-03-30 00:46:48 INFO: SendMessage: 2021-03-30 12:46:48 - Restarting the bot To: 52265879
2021-03-30 00:50:02 INFO: APsBOT_Base APsBOT_Base_Bot  connected!
2021-03-30 00:50:02 INFO: Find APsBOT_Base_Bot in Telegram and send him a message - it will be displayed here
2021-03-30 00:50:02 INFO: BotID = 1705298974 , BotName = APsBOT_Base , BotUsername = APsBOT_Base_Bot 
2021-03-30 00:50:03 INFO: Private message from: FabryMazzu
2021-03-30 00:50:03 INFO: SendMessage: Sorry, you are not my Admin. To: 52265879
2021-03-30 00:50:03 INFO: The command is not in the list --> /restart
2021-03-30 00:50:17 INFO: Private message from: FabryMazzu
2021-03-30 00:50:17 INFO: The command is /Restart
2021-03-30 00:50:17 INFO: SendMessage: 2021-03-30 12:50:17 - Restarting the bot To: 52265879
2021-03-30 00:51:45 INFO: APsBOT_Base APsBOT_Base_Bot  connected!
2021-03-30 00:51:45 INFO: Find APsBOT_Base_Bot in Telegram and send him a message - it will be displayed here
2021-03-30 00:51:45 INFO: BotID = 1705298974 , BotName = APsBOT_Base , BotUsername = APsBOT_Base_Bot 
2021-03-30 00:51:46 INFO: Private message from: FabryMazzu
2021-03-30 00:51:46 INFO: SendMessage: Sorry, you are not my Admin. To: 52265879
2021-03-30 00:51:46 INFO: The command is not in the list --> /Restart
2021-03-30 00:51:46 INFO: Private message from: FabryMazzu
2021-03-30 00:51:46 INFO: SendMessage: Sorry, you are not my Admin. To: 52265879
2021-03-30 00:51:46 INFO: The command is not in the list --> /restart
2021-03-30 00:51:52 INFO: Private message from: FabryMazzu
2021-03-30 00:51:52 INFO: The command is /Restart
2021-03-30 00:51:52 INFO: SendMessage: 2021-03-30 12:51:52 - Restarting the bot To: 52265879
2021-03-30 00:52:39 INFO: APsBOT_Base APsBOT_Base_Bot  connected!
2021-03-30 00:52:39 INFO: Find APsBOT_Base_Bot in Telegram and send him a message - it will be displayed here
2021-03-30 00:52:39 INFO: BotID = 1705298974 , BotName = APsBOT_Base , BotUsername = APsBOT_Base_Bot 
2021-03-30 00:52:39 INFO: Private message from: FabryMazzu
2021-03-30 00:52:39 INFO: SendMessage: Sorry, you are not my Admin. To: 52265879
2021-03-30 00:52:40 INFO: The command is not in the list --> /restart
2021-03-30 00:52:44 INFO: Private message from: FabryMazzu
2021-03-30 00:52:44 INFO: The command is /Restart
2021-03-30 00:52:44 INFO: SendMessage: 2021-03-30 12:52:44 - Restarting the bot To: 52265879
2021-03-30 00:54:28 INFO: APsBOT_Base APsBOT_Base_Bot  connected!
2021-03-30 00:54:28 INFO: Find APsBOT_Base_Bot in Telegram and send him a message - it will be displayed here
2021-03-30 00:54:28 INFO: BotID = 1705298974 , BotName = APsBOT_Base , BotUsername = APsBOT_Base_Bot 
2021-03-30 00:54:28 INFO: Private message from: FabryMazzu
2021-03-30 00:54:29 INFO: SendMessage: Sorry, you are not my Admin. To: 52265879
2021-03-30 00:54:29 INFO: The command is not in the list --> /restart
2021-03-30 00:54:34 INFO: Private message from: FabryMazzu
2021-03-30 00:54:34 INFO: The command is /Restart
2021-03-30 00:54:34 INFO: SendMessage: 2021-03-30 12:54:34 - Restarting the bot To: 52265879
2021-03-30 00:57:01 INFO: APsBOT_Base APsBOT_Base_Bot  connected!
2021-03-30 00:57:01 INFO: Find APsBOT_Base_Bot in Telegram and send him a message - it will be displayed here
2021-03-30 00:57:01 INFO: BotID = 1705298974 , BotName = APsBOT_Base , BotUsername = APsBOT_Base_Bot 
2021-03-30 00:57:02 INFO: Private message from: FabryMazzu
2021-03-30 00:57:02 INFO: SendMessage: Sorry, you are not my Admin. To: 52265879
2021-03-30 00:57:02 INFO: The command is not in the list --> /restart
2021-03-30 00:57:09 INFO: Private message from: FabryMazzu
2021-03-30 00:57:09 INFO: The command is /Restart
2021-03-30 00:57:09 INFO: SendMessage: 2021-03-30 12:57:09 - Restarting the bot To: 52265879
